<?xml version="1.0" encoding="UTF-8"?>
<robot generator="Robot 7.3 (Python 3.13.0 on win32)" generated="2025-06-02T19:57:58.414140" rpa="false" schemaversion="5">
<suite id="s1" name="Teste Login" source="C:\Users\pedro\Downloads\loginpage-main\tests\teste_login.robot">
<test id="s1-t1" name="Login Com Sucesso" line="14">
<kw name="Open Browser" owner="SeleniumLibrary">
<msg time="2025-06-02T19:57:58.943412" level="INFO">Opening browser 'chrome' to base url 'C:\Users\pedro\Downloads\loginpage-main\index.html'.</msg>
<arg>${LOGIN_PAGE}</arg>
<arg>${BROWSER}</arg>
<doc>Opens a new browser instance to the optional ``url``.</doc>
<status status="PASS" start="2025-06-02T19:57:58.943024" elapsed="1.726021"/>
</kw>
<kw name="Input Text" owner="SeleniumLibrary">
<msg time="2025-06-02T19:58:00.670585" level="INFO">Typing text 'admin' into text field 'id=username'.</msg>
<arg>id=username</arg>
<arg>${VALID_USER}</arg>
<doc>Types the given ``text`` into the text field identified by ``locator``.</doc>
<status status="PASS" start="2025-06-02T19:58:00.669688" elapsed="0.191167"/>
</kw>
<kw name="Input Text" owner="SeleniumLibrary">
<msg time="2025-06-02T19:58:00.861825" level="INFO">Typing text '123456' into text field 'id=password'.</msg>
<arg>id=password</arg>
<arg>${VALID_PASSWORD}</arg>
<doc>Types the given ``text`` into the text field identified by ``locator``.</doc>
<status status="PASS" start="2025-06-02T19:58:00.861347" elapsed="0.125092"/>
</kw>
<kw name="Click Button" owner="SeleniumLibrary">
<msg time="2025-06-02T19:58:00.987167" level="INFO">Clicking button 'xpath=//button'.</msg>
<arg>xpath=//button</arg>
<doc>Clicks the button identified by ``locator``.</doc>
<status status="PASS" start="2025-06-02T19:58:00.986874" elapsed="0.141845"/>
</kw>
<kw name="Sleep" owner="BuiltIn">
<msg time="2025-06-02T19:58:02.129980" level="INFO">Slept 1 second.</msg>
<arg>1s</arg>
<doc>Pauses the test executed for the given time.</doc>
<status status="PASS" start="2025-06-02T19:58:01.129322" elapsed="1.000904"/>
</kw>
<kw name="Location Should Contain" owner="SeleniumLibrary">
<msg time="2025-06-02T19:58:02.141227" level="INFO">Current location contains 'dashboard.html'.</msg>
<arg>dashboard.html</arg>
<doc>Verifies that the current URL contains ``expected``.</doc>
<status status="PASS" start="2025-06-02T19:58:02.131937" elapsed="0.009448"/>
</kw>
<kw name="Close Browser" owner="SeleniumLibrary">
<doc>Closes the current browser.</doc>
<status status="PASS" start="2025-06-02T19:58:02.141824" elapsed="2.261145"/>
</kw>
<status status="PASS" start="2025-06-02T19:57:58.941899" elapsed="5.461625"/>
</test>
<test id="s1-t2" name="Login Com Usuário Inválido" line="23">
<kw name="Open Browser" owner="SeleniumLibrary">
<msg time="2025-06-02T19:58:04.405949" level="INFO">Opening browser 'chrome' to base url 'C:\Users\pedro\Downloads\loginpage-main\index.html'.</msg>
<arg>${LOGIN_PAGE}</arg>
<arg>${BROWSER}</arg>
<doc>Opens a new browser instance to the optional ``url``.</doc>
<status status="PASS" start="2025-06-02T19:58:04.405396" elapsed="1.665818"/>
</kw>
<kw name="Input Text" owner="SeleniumLibrary">
<msg time="2025-06-02T19:58:06.072188" level="INFO">Typing text 'errado' into text field 'id=username'.</msg>
<arg>id=username</arg>
<arg>${INVALID_USER}</arg>
<doc>Types the given ``text`` into the text field identified by ``locator``.</doc>
<status status="PASS" start="2025-06-02T19:58:06.071869" elapsed="0.161640"/>
</kw>
<kw name="Input Text" owner="SeleniumLibrary">
<msg time="2025-06-02T19:58:06.234837" level="INFO">Typing text '123456' into text field 'id=password'.</msg>
<arg>id=password</arg>
<arg>${VALID_PASSWORD}</arg>
<doc>Types the given ``text`` into the text field identified by ``locator``.</doc>
<status status="PASS" start="2025-06-02T19:58:06.234182" elapsed="0.120630"/>
</kw>
<kw name="Click Button" owner="SeleniumLibrary">
<msg time="2025-06-02T19:58:06.356778" level="INFO">Clicking button 'xpath=//button'.</msg>
<arg>xpath=//button</arg>
<doc>Clicks the button identified by ``locator``.</doc>
<status status="PASS" start="2025-06-02T19:58:06.356053" elapsed="0.113389"/>
</kw>
<kw name="Sleep" owner="BuiltIn">
<msg time="2025-06-02T19:58:07.470629" level="INFO">Slept 1 second.</msg>
<arg>1s</arg>
<doc>Pauses the test executed for the given time.</doc>
<status status="PASS" start="2025-06-02T19:58:06.470072" elapsed="1.000833"/>
</kw>
<kw name="Element Text Should Be" owner="SeleniumLibrary">
<msg time="2025-06-02T19:58:07.472195" level="INFO">Verifying element 'id=error-message' contains exact text 'Usuário ou senha incorretos.'.</msg>
<arg>id=error-message</arg>
<arg>Usuário ou senha incorretos.</arg>
<doc>Verifies that element ``locator`` contains exact the text ``expected``.</doc>
<status status="PASS" start="2025-06-02T19:58:07.471680" elapsed="0.036317"/>
</kw>
<kw name="Close Browser" owner="SeleniumLibrary">
<doc>Closes the current browser.</doc>
<status status="PASS" start="2025-06-02T19:58:07.508530" elapsed="2.269220"/>
</kw>
<status status="PASS" start="2025-06-02T19:58:04.404551" elapsed="5.374154"/>
</test>
<test id="s1-t3" name="Login Com Senha Inválida" line="32">
<kw name="Open Browser" owner="SeleniumLibrary">
<msg time="2025-06-02T19:58:09.782766" level="INFO">Opening browser 'chrome' to base url 'C:\Users\pedro\Downloads\loginpage-main\index.html'.</msg>
<arg>${LOGIN_PAGE}</arg>
<arg>${BROWSER}</arg>
<doc>Opens a new browser instance to the optional ``url``.</doc>
<status status="PASS" start="2025-06-02T19:58:09.782244" elapsed="1.669286"/>
</kw>
<kw name="Input Text" owner="SeleniumLibrary">
<msg time="2025-06-02T19:58:11.452514" level="INFO">Typing text 'admin' into text field 'id=username'.</msg>
<arg>id=username</arg>
<arg>${VALID_USER}</arg>
<doc>Types the given ``text`` into the text field identified by ``locator``.</doc>
<status status="PASS" start="2025-06-02T19:58:11.451924" elapsed="0.169741"/>
</kw>
<kw name="Input Text" owner="SeleniumLibrary">
<msg time="2025-06-02T19:58:11.623084" level="INFO">Typing text '000000' into text field 'id=password'.</msg>
<arg>id=password</arg>
<arg>${INVALID_PASSWORD}</arg>
<doc>Types the given ``text`` into the text field identified by ``locator``.</doc>
<status status="PASS" start="2025-06-02T19:58:11.622559" elapsed="0.134503"/>
</kw>
<kw name="Click Button" owner="SeleniumLibrary">
<msg time="2025-06-02T19:58:11.758805" level="INFO">Clicking button 'xpath=//button'.</msg>
<arg>xpath=//button</arg>
<doc>Clicks the button identified by ``locator``.</doc>
<status status="PASS" start="2025-06-02T19:58:11.758049" elapsed="0.105808"/>
</kw>
<kw name="Sleep" owner="BuiltIn">
<msg time="2025-06-02T19:58:12.864970" level="INFO">Slept 1 second.</msg>
<arg>1s</arg>
<doc>Pauses the test executed for the given time.</doc>
<status status="PASS" start="2025-06-02T19:58:11.864301" elapsed="1.000843"/>
</kw>
<kw name="Element Text Should Be" owner="SeleniumLibrary">
<msg time="2025-06-02T19:58:12.865899" level="INFO">Verifying element 'id=error-message' contains exact text 'Usuário ou senha incorretos.'.</msg>
<arg>id=error-message</arg>
<arg>Usuário ou senha incorretos.</arg>
<doc>Verifies that element ``locator`` contains exact the text ``expected``.</doc>
<status status="PASS" start="2025-06-02T19:58:12.865575" elapsed="0.031109"/>
</kw>
<kw name="Close Browser" owner="SeleniumLibrary">
<doc>Closes the current browser.</doc>
<status status="PASS" start="2025-06-02T19:58:12.897136" elapsed="2.233960"/>
</kw>
<status status="PASS" start="2025-06-02T19:58:09.781020" elapsed="5.350986"/>
</test>
<status status="PASS" start="2025-06-02T19:57:58.416163" elapsed="16.718432"/>
</suite>
<statistics>
<total>
<stat pass="3" fail="0" skip="0">All Tests</stat>
</total>
<tag>
</tag>
<suite>
<stat name="Teste Login" id="s1" pass="3" fail="0" skip="0">Teste Login</stat>
</suite>
</statistics>
<errors>
</errors>
</robot>
